{"level":"error","message":"El archivo chat.txt no existe o se encuentra vacio"}
{"level":"error","message":"El archivo chat.txt no existe o se encuentra vacio"}
{"level":"error","message":"El archivo chat.txt no existe o se encuentra vacio"}
{"level":"error","message":"El archivo chat.txt no existe o se encuentra vacio"}
{"level":"error","message":"El archivo chat.txt no existe o se encuentra vacio"}
{"level":"error","message":"El archivo chat.txt no existe o se encuentra vacio"}
{"level":"error","message":"El archivo chat.txt no existe o se encuentra vacio"}
{"level":"error","message":"El archivo chat.txt no existe o se encuentra vacio"}
{"level":"error","message":"El archivo chat.txt no existe o se encuentra vacio"}
{"level":"error","message":"El archivo chat.txt no existe o se encuentra vacio"}
{"level":"error","message":"El archivo chat.txt no existe o se encuentra vacio"}
{"level":"error","message":"El archivo chat.txt no existe o se encuentra vacio"}
{"level":"error","message":"El archivo chat.txt no existe o se encuentra vacio"}
{"level":"error","message":"El archivo chat.txt no existe o se encuentra vacio"}
{"level":"error","message":"El archivo chat.txt no existe o se encuentra vacio"}
{"level":"error","message":"El archivo chat.txt no existe o se encuentra vacio"}
{"level":"error","message":"El archivo chat.txt no existe o se encuentra vacio"}
{"level":"error","message":"El archivo chat.txt no existe o se encuentra vacio"}
{"level":"error","message":"No se pudo guardar el dato en Mongo"}
{"level":"error","message":"No se pudo guardar el dato en Mongo"}
{"level":"error","message":"No se pudo guardar el dato en Mongo"}
{"level":"error","message":"No se pudo guardar el dato en Mongo"}
{"level":"error","message":"No se pudo guardar el dato en Mongo"}
{"level":"error","message":"No se pudo guardar el dato en Mongo"}
{"level":"error","message":"No se pudo guardar el dato en Mongo"}
{"level":"error","message":"No se pudo guardar el dato en Mongo"}
{"level":"error","message":"No se pudo guardar el dato en Mongo"}
{"level":"error","message":"No se pudo guardar el dato en Mongo"}
{"level":"error","message":"No se pudo guardar el dato en Mongo"}
{"level":"error","message":"El archivo chat.txt no existe o se encuentra vacio"}
{"level":"error","message":"El archivo chat.txt no existe o se encuentra vacio"}
{"level":"error","message":"El archivo chat.txt no existe o se encuentra vacio"}
{"level":"error","message":"El archivo chat.txt no existe o se encuentra vacio"}
{"level":"error","message":"El archivo chat.txt no existe o se encuentra vacio"}
{"level":"error","message":"El archivo chat.txt no existe o se encuentra vacio"}
{"level":"error","message":"El archivo chat.txt no existe o se encuentra vacio"}
{"level":"error","message":"El archivo productos.txt no existe o se encuentra vacio"}
{"level":"error","message":"El archivo productos.txt no existe o se encuentra vacio"}
{"level":"error","message":"El archivo usuarios.txt no existe o se encuentra vacio"}
{"level":"error","message":"El archivo usuarios.txt no existe o se encuentra vacio"}
{"level":"error","message":"El archivo usuarios.txt no existe o se encuentra vacio"}
{"level":"error","message":"El archivo productos.txt no existe o se encuentra vacio"}
{"level":"error","message":"El archivo productos.txt no existe o se encuentra vacio"}
{"level":"error","message":"El archivo usuarios.txt no existe o se encuentra vacio"}
{"level":"error","message":"El archivo usuarios.txt no existe o se encuentra vacio"}
{"level":"error","message":"El archivo productos.txt no existe o se encuentra vacio"}
{"level":"error","message":"El archivo productos.txt no existe o se encuentra vacio"}
{"level":"error","message":"El archivo productos.txt no existe o se encuentra vacio"}
{"level":"error","message":"El archivo productos.txt no existe o se encuentra vacio"}
{"level":"error","message":"El archivo carritos.txt no existe o se encuentra vacio"}
{"level":"error","message":"No se pudo actualizar el dato en Mongo"}
{"level":"error","message":"El archivo productos.txt no existe o se encuentra vacio"}
{"level":"error","message":"No se pudo actualizar el dato en Mongo"}
{"level":"error","message":"El archivo productos.txt no existe o se encuentra vacio"}
{"level":"error","message":"No se pudo guardar el archivo carritos.txt"}
{"level":"error","message":"El archivo carritos.txt no existe o se encuentra vacio"}
{"level":"error","message":"No se pudo guardar el archivo carritos.txt"}
{"level":"error","message":"El archivo carritos.txt no existe o se encuentra vacio"}
{"level":"error","message":"El archivo productos.txt no existe o se encuentra vacio"}
{"level":"error","message":"El archivo carritos.txt no existe o se encuentra vacio"}
{"level":"error","message":"El archivo carritos.txt no existe o se encuentra vacio"}
{"level":"error","message":"El archivo productos.txt no existe o se encuentra vacio"}
{"level":"error","message":"El archivo carritos.txt no existe o se encuentra vacio"}
{"level":"error","message":"El archivo carritos.txt no existe o se encuentra vacio"}
{"level":"error","message":"El archivo productos.txt no existe o se encuentra vacio"}
{"level":"error","message":"El archivo productos.txt no existe o se encuentra vacio"}
{"level":"error","message":"El archivo carritos.txt no existe o se encuentra vacio"}
{"level":"error","message":"El archivo carritos.txt no existe o se encuentra vacio"}
{"level":"error","message":"El archivo productos.txt no existe o se encuentra vacio"}
{"level":"error","message":"El archivo carritos.txt no existe o se encuentra vacio"}
{"level":"error","message":"El archivo carritos.txt no existe o se encuentra vacio"}
{"level":"error","message":"El archivo productos.txt no existe o se encuentra vacio"}
{"level":"error","message":"El archivo carritos.txt no existe o se encuentra vacio"}
{"level":"error","message":"El archivo carritos.txt no existe o se encuentra vacio"}
{"level":"error","message":"El archivo productos.txt no existe o se encuentra vacio"}
{"level":"error","message":"El archivo carritos.txt no existe o se encuentra vacio"}
{"level":"error","message":"El archivo carritos.txt no existe o se encuentra vacio"}
{"level":"error","message":"El archivo productos.txt no existe o se encuentra vacio"}
{"level":"error","message":"El archivo productos.txt no existe o se encuentra vacio"}
{"level":"error","message":"El archivo carritos.txt no existe o se encuentra vacio"}
{"level":"error","message":"El archivo carritos.txt no existe o se encuentra vacio"}
{"level":"error","message":"El archivo carritos.txt no existe o se encuentra vacio"}
{"level":"error","message":"No se pudo actualizar el dato en Mongo"}
{"level":"error","message":"No se pudo guardar el archivo carritos.txt"}
{"level":"error","message":"El archivo productos.txt no existe o se encuentra vacio"}
{"level":"error","message":"El archivo productos.txt no existe o se encuentra vacio"}
{"level":"error","message":"El archivo usuarios.txt no existe o se encuentra vacio"}
{"level":"error","message":"El archivo usuarios.txt no existe o se encuentra vacio"}
{"level":"error","message":"El archivo carritos.txt no existe o se encuentra vacio"}
{"level":"error","message":"El archivo usuarios.txt no existe o se encuentra vacio"}
{"level":"error","message":"No se pudo actualizar el dato en Mongo"}
{"level":"error","message":"El archivo productos.txt no existe o se encuentra vacio"}
{"level":"error","message":"No se pudo actualizar el dato en Mongo"}
{"level":"error","message":"No se pudo guardar el archivo carritos.txt"}
{"level":"error","message":"El archivo productos.txt no existe o se encuentra vacio"}
{"level":"error","message":"El archivo productos.txt no existe o se encuentra vacio"}
{"level":"error","message":"El archivo usuarios.txt no existe o se encuentra vacio"}
{"level":"error","message":"El archivo carritos.txt no existe o se encuentra vacio"}
{"level":"error","message":"El archivo usuarios.txt no existe o se encuentra vacio"}
{"level":"error","message":"No se pudo actualizar el dato en Mongo"}
{"level":"error","message":"El archivo productos.txt no existe o se encuentra vacio"}
{"level":"error","message":"El archivo productos.txt no existe o se encuentra vacio"}
{"level":"error","message":"El archivo usuarios.txt no existe o se encuentra vacio"}
{"level":"error","message":"El archivo carritos.txt no existe o se encuentra vacio"}
{"level":"error","message":"El archivo usuarios.txt no existe o se encuentra vacio"}
{"level":"error","message":"No se pudo actualizar el dato en Mongo"}
{"level":"error","message":"El archivo productos.txt no existe o se encuentra vacio"}
{"level":"error","message":"El archivo productos.txt no existe o se encuentra vacio"}
{"level":"error","message":"No se pudo guardar el archivo carritos.txt"}
{"level":"error","message":"El archivo productos.txt no existe o se encuentra vacio"}
{"level":"error","message":"No se pudo guardar el archivo carritos.txt"}
{"level":"error","message":"El archivo productos.txt no existe o se encuentra vacio"}
{"level":"error","message":"El archivo productos.txt no existe o se encuentra vacio"}
{"level":"error","message":"El archivo productos.txt no existe o se encuentra vacio"}
{"level":"error","message":"El archivo productos.txt no existe o se encuentra vacio"}
{"level":"error","message":"El archivo productos.txt no existe o se encuentra vacio"}
{"level":"error","message":"El archivo productos.txt no existe o se encuentra vacio"}
{"level":"error","message":"El archivo productos.txt no existe o se encuentra vacio"}
{"level":"error","message":"No se pudo guardar el archivo carritos.txt"}
{"level":"error","message":"El archivo productos.txt no existe o se encuentra vacio"}
{"level":"error","message":"No se pudo guardar el archivo carritos.txt"}
{"level":"error","message":"El archivo productos.txt no existe o se encuentra vacio"}
{"level":"error","message":"El archivo productos.txt no existe o se encuentra vacio"}
{"level":"error","message":"No se pudo actualizar el dato en Mongo"}
{"level":"error","message":"El archivo productos.txt no existe o se encuentra vacio"}
{"level":"error","message":"No se pudo actualizar el dato en el archivo"}
{"level":"error","message":"El archivo productos.txt no existe o se encuentra vacio"}
{"level":"error","message":"No se pudo actualizar el dato en el archivo"}
{"level":"error","message":"El archivo productos.txt no existe o se encuentra vacio"}
{"level":"error","message":"No se pudo actualizar el dato en el archivo"}
{"level":"error","message":"El archivo productos.txt no existe o se encuentra vacio"}
{"level":"error","message":"El archivo productos.txt no existe o se encuentra vacio"}
{"level":"error","message":"No se pudo actualizar el dato en el archivo"}
{"level":"error","message":"El archivo productos.txt no existe o se encuentra vacio"}
{"level":"error","message":"El archivo productos.txt no existe o se encuentra vacio"}
{"level":"error","message":"El archivo productos.txt no existe o se encuentra vacio"}
{"level":"error","message":"El archivo chat.txt no existe o se encuentra vacio"}
{"level":"error","message":"El archivo chat.txt no existe o se encuentra vacio"}
{"level":"error","message":"El archivo chat.txt no existe o se encuentra vacio"}
{"level":"error","message":"El archivo chat.txt no existe o se encuentra vacio"}
{"level":"error","message":"El archivo usuarios.txt no existe o se encuentra vacio"}
{"level":"error","message":"El archivo carritos.txt no existe o se encuentra vacio"}
{"level":"error","message":"El archivo usuarios.txt no existe o se encuentra vacio"}
{"level":"error","message":"El archivo chat.txt no existe o se encuentra vacio"}
{"level":"error","message":"El archivo chat.txt no existe o se encuentra vacio"}
{"level":"error","message":"El archivo chat.txt no existe o se encuentra vacio"}
{"level":"error","message":"El archivo chat.txt no existe o se encuentra vacio"}
{"level":"error","message":"El archivo chat.txt no existe o se encuentra vacio"}
{"level":"error","message":"El archivo productos.txt no existe o se encuentra vacio"}
{"level":"error","message":"El archivo chat.txt no existe o se encuentra vacio"}
{"level":"error","message":"El archivo chat.txt no existe o se encuentra vacio"}
{"level":"error","message":"El archivo chat.txt no existe o se encuentra vacio"}
{"level":"error","message":"El archivo productos.txt no existe o se encuentra vacio"}
{"level":"error","message":"El archivo chat.txt no existe o se encuentra vacio"}
{"level":"error","message":"El archivo chat.txt no existe o se encuentra vacio"}
{"level":"error","message":"El archivo chat.txt no existe o se encuentra vacio"}
{"level":"error","message":"El archivo ordenes.txt no existe o se encuentra vacio"}
{"level":"error","message":"El archivo productos.txt no existe o se encuentra vacio"}
{"level":"error","message":"El archivo chat.txt no existe o se encuentra vacio"}
{"level":"error","message":"El archivo chat.txt no existe o se encuentra vacio"}
{"level":"error","message":"El archivo chat.txt no existe o se encuentra vacio"}
{"level":"error","message":"El archivo chat.txt no existe o se encuentra vacio"}
{"level":"error","message":"El archivo productos.txt no existe o se encuentra vacio"}
{"level":"error","message":"El archivo chat.txt no existe o se encuentra vacio"}
{"level":"error","message":"El archivo chat.txt no existe o se encuentra vacio"}
{"level":"error","message":"El archivo chat.txt no existe o se encuentra vacio"}
{"level":"error","message":"El archivo chat.txt no existe o se encuentra vacio"}
{"level":"error","message":"El archivo chat.txt no existe o se encuentra vacio"}
{"level":"error","message":"El archivo chat.txt no existe o se encuentra vacio"}
{"level":"error","message":"El archivo chat.txt no existe o se encuentra vacio"}
{"level":"error","message":"El archivo chat.txt no existe o se encuentra vacio"}
{"level":"error","message":"El archivo chat.txt no existe o se encuentra vacio"}
{"level":"error","message":"El archivo productos.txt no existe o se encuentra vacio"}
{"level":"error","message":"El archivo chat.txt no existe o se encuentra vacio"}
{"level":"error","message":"El archivo ordenes.txt no existe o se encuentra vacio"}
{"level":"error","message":"El archivo ordenes.txt no existe o se encuentra vacio"}
{"level":"error","message":"El archivo chat.txt no existe o se encuentra vacio"}
{"level":"error","message":"El archivo chat.txt no existe o se encuentra vacio"}
{"level":"error","message":"El archivo chat.txt no existe o se encuentra vacio"}
{"level":"error","message":"El archivo chat.txt no existe o se encuentra vacio"}
{"level":"error","message":"El archivo chat.txt no existe o se encuentra vacio"}
{"level":"error","message":"El archivo chat.txt no existe o se encuentra vacio"}
{"level":"error","message":"El archivo chat.txt no existe o se encuentra vacio"}
{"level":"error","message":"El archivo productos.txt no existe o se encuentra vacio"}
{"level":"error","message":"El archivo chat.txt no existe o se encuentra vacio"}
{"level":"error","message":"El archivo chat.txt no existe o se encuentra vacio"}
{"level":"error","message":"El archivo chat.txt no existe o se encuentra vacio"}
{"level":"error","message":"El archivo chat.txt no existe o se encuentra vacio"}
{"level":"error","message":"El archivo chat.txt no existe o se encuentra vacio"}
{"level":"error","message":"No se pudo guardar la orden"}
{"level":"error","message":"El archivo chat.txt no existe o se encuentra vacio"}
{"level":"error","message":"El archivo productos.txt no existe o se encuentra vacio"}
{"level":"error","message":"El archivo chat.txt no existe o se encuentra vacio"}
{"level":"error","message":"El archivo chat.txt no existe o se encuentra vacio"}
{"level":"error","message":"El archivo chat.txt no existe o se encuentra vacio"}
{"level":"error","message":"El archivo chat.txt no existe o se encuentra vacio"}
{"level":"error","message":"El archivo productos.txt no existe o se encuentra vacio"}
{"level":"error","message":"El archivo chat.txt no existe o se encuentra vacio"}
{"level":"error","message":"El archivo chat.txt no existe o se encuentra vacio"}
{"level":"error","message":"El archivo chat.txt no existe o se encuentra vacio"}
{"level":"error","message":"El archivo chat.txt no existe o se encuentra vacio"}
{"level":"error","message":"El archivo chat.txt no existe o se encuentra vacio"}
{"level":"error","message":"El archivo productos.txt no existe o se encuentra vacio"}
{"level":"error","message":"El archivo chat.txt no existe o se encuentra vacio"}
{"level":"error","message":"El archivo chat.txt no existe o se encuentra vacio"}
{"level":"error","message":"El archivo chat.txt no existe o se encuentra vacio"}
{"level":"error","message":"El archivo chat.txt no existe o se encuentra vacio"}
{"level":"error","message":"El archivo chat.txt no existe o se encuentra vacio"}
{"level":"error","message":"El archivo productos.txt no existe o se encuentra vacio"}
{"level":"error","message":"El archivo chat.txt no existe o se encuentra vacio"}
{"level":"error","message":"El archivo chat.txt no existe o se encuentra vacio"}
{"level":"error","message":"El archivo chat.txt no existe o se encuentra vacio"}
{"level":"error","message":"El archivo chat.txt no existe o se encuentra vacio"}
{"level":"error","message":"El archivo chat.txt no existe o se encuentra vacio"}
{"level":"error","message":"El archivo productos.txt no existe o se encuentra vacio"}
{"level":"error","message":"El archivo chat.txt no existe o se encuentra vacio"}
{"level":"error","message":"El archivo chat.txt no existe o se encuentra vacio"}
{"level":"error","message":"El archivo chat.txt no existe o se encuentra vacio"}
{"level":"error","message":"El archivo chat.txt no existe o se encuentra vacio"}
{"level":"error","message":"El archivo productos.txt no existe o se encuentra vacio"}
{"level":"error","message":"El archivo chat.txt no existe o se encuentra vacio"}
{"level":"error","message":"El archivo chat.txt no existe o se encuentra vacio"}
{"level":"error","message":"El archivo productos.txt no existe o se encuentra vacio"}
{"level":"error","message":"El archivo chat.txt no existe o se encuentra vacio"}
{"level":"error","message":"El archivo usuarios.txt no existe o se encuentra vacio"}
{"level":"error","message":"El archivo chat.txt no existe o se encuentra vacio"}
{"level":"error","message":"El archivo chat.txt no existe o se encuentra vacio"}
{"level":"error","message":"El archivo chat.txt no existe o se encuentra vacio"}
{"level":"error","message":"El archivo usuarios.txt no existe o se encuentra vacio"}
{"level":"error","message":"El archivo carritos.txt no existe o se encuentra vacio"}
{"level":"error","message":"El archivo usuarios.txt no existe o se encuentra vacio"}
{"level":"error","message":"El archivo chat.txt no existe o se encuentra vacio"}
{"level":"error","message":"El archivo productos.txt no existe o se encuentra vacio"}
{"level":"error","message":"El archivo chat.txt no existe o se encuentra vacio"}
{"level":"error","message":"El archivo chat.txt no existe o se encuentra vacio"}
{"level":"error","message":"El archivo chat.txt no existe o se encuentra vacio"}
{"level":"error","message":"El archivo chat.txt no existe o se encuentra vacio"}
{"level":"error","message":"El archivo usuarios.txt no existe o se encuentra vacio"}
{"level":"error","message":"El archivo chat.txt no existe o se encuentra vacio"}
{"level":"error","message":"El archivo chat.txt no existe o se encuentra vacio"}
{"level":"error","message":"El archivo productos.txt no existe o se encuentra vacio"}
{"level":"error","message":"El archivo chat.txt no existe o se encuentra vacio"}
{"level":"error","message":"El archivo chat.txt no existe o se encuentra vacio"}
{"level":"error","message":"El archivo usuarios.txt no existe o se encuentra vacio"}
{"level":"error","message":"El archivo carritos.txt no existe o se encuentra vacio"}
{"level":"error","message":"El archivo usuarios.txt no existe o se encuentra vacio"}
{"level":"error","message":"El archivo productos.txt no existe o se encuentra vacio"}
{"level":"error","message":"El archivo chat.txt no existe o se encuentra vacio"}
{"level":"error","message":"El archivo chat.txt no existe o se encuentra vacio"}
{"level":"error","message":"El archivo chat.txt no existe o se encuentra vacio"}
{"level":"error","message":"El archivo chat.txt no existe o se encuentra vacio"}
{"level":"error","message":"El archivo chat.txt no existe o se encuentra vacio"}
{"level":"error","message":"El archivo productos.txt no existe o se encuentra vacio"}
{"level":"error","message":"El archivo chat.txt no existe o se encuentra vacio"}
{"level":"error","message":"El archivo chat.txt no existe o se encuentra vacio"}
{"level":"error","message":"El archivo chat.txt no existe o se encuentra vacio"}
{"level":"error","message":"El archivo productos.txt no existe o se encuentra vacio"}
{"level":"error","message":"El archivo chat.txt no existe o se encuentra vacio"}
{"level":"error","message":"El archivo chat.txt no existe o se encuentra vacio"}
{"level":"error","message":"El archivo chat.txt no existe o se encuentra vacio"}
{"level":"error","message":"El archivo chat.txt no existe o se encuentra vacio"}
{"level":"error","message":"El archivo productos.txt no existe o se encuentra vacio"}
{"level":"error","message":"El archivo chat.txt no existe o se encuentra vacio"}
{"level":"error","message":"El archivo chat.txt no existe o se encuentra vacio"}
{"level":"error","message":"El archivo chat.txt no existe o se encuentra vacio"}
{"level":"error","message":"El archivo chat.txt no existe o se encuentra vacio"}
{"level":"error","message":"El archivo chat.txt no existe o se encuentra vacio"}
{"level":"error","message":"El archivo chat.txt no existe o se encuentra vacio"}
{"level":"error","message":"El archivo productos.txt no existe o se encuentra vacio"}
{"level":"error","message":"El archivo chat.txt no existe o se encuentra vacio"}
{"level":"error","message":"El archivo chat.txt no existe o se encuentra vacio"}
{"level":"error","message":"El archivo chat.txt no existe o se encuentra vacio"}
{"level":"error","message":"El archivo chat.txt no existe o se encuentra vacio"}
{"level":"error","message":"El archivo productos.txt no existe o se encuentra vacio"}
{"level":"error","message":"El archivo chat.txt no existe o se encuentra vacio"}
{"level":"error","message":"El archivo chat.txt no existe o se encuentra vacio"}
{"level":"error","message":"El archivo chat.txt no existe o se encuentra vacio"}
{"level":"error","message":"El archivo chat.txt no existe o se encuentra vacio"}
{"level":"error","message":"El archivo chat.txt no existe o se encuentra vacio"}
{"level":"error","message":"El archivo chat.txt no existe o se encuentra vacio"}
{"level":"error","message":"El archivo chat.txt no existe o se encuentra vacio"}
{"level":"error","message":"El archivo chat.txt no existe o se encuentra vacio"}
{"level":"error","message":"El archivo chat.txt no existe o se encuentra vacio"}
{"level":"error","message":"El archivo chat.txt no existe o se encuentra vacio"}
{"level":"error","message":"El archivo chat.txt no existe o se encuentra vacio"}
{"level":"error","message":"El archivo chat.txt no existe o se encuentra vacio"}
{"level":"error","message":"El archivo chat.txt no existe o se encuentra vacio"}
{"level":"error","message":"El archivo chat.txt no existe o se encuentra vacio"}
{"level":"error","message":"El archivo chat.txt no existe o se encuentra vacio"}
{"level":"error","message":"El archivo productos.txt no existe o se encuentra vacio"}
{"level":"error","message":"El archivo chat.txt no existe o se encuentra vacio"}
{"level":"error","message":"El archivo chat.txt no existe o se encuentra vacio"}
{"level":"error","message":"El archivo chat.txt no existe o se encuentra vacio"}
{"level":"error","message":"El archivo chat.txt no existe o se encuentra vacio"}
{"level":"error","message":"El archivo chat.txt no existe o se encuentra vacio"}
{"level":"error","message":"El archivo chat.txt no existe o se encuentra vacio"}
{"level":"error","message":"El archivo chat.txt no existe o se encuentra vacio"}
{"level":"error","message":"El archivo chat.txt no existe o se encuentra vacio"}
{"level":"error","message":"El archivo chat.txt no existe o se encuentra vacio"}
{"level":"error","message":"El archivo chat.txt no existe o se encuentra vacio"}
{"level":"error","message":"El archivo chat.txt no existe o se encuentra vacio"}
{"level":"error","message":"El archivo chat.txt no existe o se encuentra vacio"}
{"level":"error","message":"El archivo chat.txt no existe o se encuentra vacio"}
{"level":"error","message":"El archivo productos.txt no existe o se encuentra vacio"}
{"level":"error","message":"El archivo chat.txt no existe o se encuentra vacio"}
{"level":"error","message":"El archivo productos.txt no existe o se encuentra vacio"}
{"level":"error","message":"El archivo chat.txt no existe o se encuentra vacio"}
{"level":"error","message":"El archivo productos.txt no existe o se encuentra vacio"}
{"level":"error","message":"El archivo chat.txt no existe o se encuentra vacio"}
{"level":"error","message":"El archivo chat.txt no existe o se encuentra vacio"}
{"level":"error","message":"El archivo chat.txt no existe o se encuentra vacio"}
{"level":"error","message":"El archivo usuarios.txt no existe o se encuentra vacio"}
{"level":"error","message":"El archivo chat.txt no existe o se encuentra vacio"}
{"level":"error","message":"El archivo chat.txt no existe o se encuentra vacio"}
{"level":"error","message":"El archivo chat.txt no existe o se encuentra vacio"}
{"level":"error","message":"El archivo usuarios.txt no existe o se encuentra vacio"}
{"level":"error","message":"El archivo carritos.txt no existe o se encuentra vacio"}
{"level":"error","message":"El archivo usuarios.txt no existe o se encuentra vacio"}
{"level":"error","message":"El archivo chat.txt no existe o se encuentra vacio"}
{"level":"error","message":"El archivo chat.txt no existe o se encuentra vacio"}
{"level":"error","message":"El archivo productos.txt no existe o se encuentra vacio"}
{"level":"error","message":"El archivo productos.txt no existe o se encuentra vacio"}
{"level":"error","message":"El archivo productos.txt no existe o se encuentra vacio"}
{"level":"error","message":"El archivo productos.txt no existe o se encuentra vacio"}
{"level":"error","message":"No se pudieron obtener los productos"}
{"level":"error","message":"No se pudieron obtener los productos"}
{"level":"error","message":"No se pudieron obtener los productos"}
{"level":"error","message":"El archivo productos.txt no existe o se encuentra vacio"}
{"level":"error","message":"No se pudieron obtener los productos"}
{"level":"error","message":"El archivo productos.txt no existe o se encuentra vacio"}
{"level":"error","message":"No se pudieron obtener los productos"}
{"level":"error","message":"El archivo productos.txt no existe o se encuentra vacio"}
{"level":"error","message":"El archivo productos.txt no existe o se encuentra vacio"}
{"level":"error","message":"El archivo productos.txt no existe o se encuentra vacio"}
{"level":"error","message":"No se pudo guardar el dato en Mongo"}
{"level":"error","message":"No se pudo guardar el dato en Mongo"}
{"level":"error","message":"No se pudo guardar el dato en Mongo"}
{"level":"error","message":"No se pudo guardar el dato en Mongo"}
{"level":"error","message":"No se pudo guardar el dato en Mongo"}
{"level":"error","message":"No se pudo guardar el dato en Mongo"}
{"level":"error","message":"No se pudo guardar el dato en Mongo"}
{"level":"error","message":"No se pudo guardar el dato en Mongo"}
{"level":"error","message":"No se pudo guardar el dato en Mongo"}
{"level":"error","message":"No se pudo guardar el dato en Mongo"}
{"level":"error","message":"No se pudo obtener el dato de Mongo"}
{"level":"error","message":"No se pudo obtener el dato de Mongo"}
{"level":"error","message":"El archivo chat.txt no existe o se encuentra vacio"}
{"level":"error","message":"El archivo chat.txt no existe o se encuentra vacio"}
{"level":"error","message":"El archivo chat.txt no existe o se encuentra vacio"}
{"level":"error","message":"El archivo chat.txt no existe o se encuentra vacio"}
{"level":"error","message":"El archivo chat.txt no existe o se encuentra vacio"}
{"level":"error","message":"El archivo chat.txt no existe o se encuentra vacio"}
{"level":"error","message":"El archivo chat.txt no existe o se encuentra vacio"}
{"level":"error","message":"El archivo chat.txt no existe o se encuentra vacio"}
{"level":"error","message":"El archivo productos.txt no existe o se encuentra vacio"}
{"level":"error","message":"El archivo chat.txt no existe o se encuentra vacio"}
{"level":"error","message":"El archivo productos.txt no existe o se encuentra vacio"}
{"level":"error","message":"El archivo chat.txt no existe o se encuentra vacio"}
{"level":"error","message":"El archivo productos.txt no existe o se encuentra vacio"}
{"level":"error","message":"El archivo chat.txt no existe o se encuentra vacio"}
{"level":"error","message":"El archivo productos.txt no existe o se encuentra vacio"}
{"level":"error","message":"El archivo chat.txt no existe o se encuentra vacio"}
{"level":"error","message":"El archivo productos.txt no existe o se encuentra vacio"}
{"level":"error","message":"El archivo usuarios.txt no existe o se encuentra vacio"}
{"level":"error","message":"El archivo carritos.txt no existe o se encuentra vacio"}
{"level":"error","message":"El archivo usuarios.txt no existe o se encuentra vacio"}
{"level":"error","message":"El archivo chat.txt no existe o se encuentra vacio"}
{"level":"error","message":"El archivo productos.txt no existe o se encuentra vacio"}
{"level":"error","message":"El archivo chat.txt no existe o se encuentra vacio"}
{"level":"error","message":"El archivo productos.txt no existe o se encuentra vacio"}
{"level":"error","message":"El archivo productos.txt no existe o se encuentra vacio"}
{"level":"error","message":"El archivo productos.txt no existe o se encuentra vacio"}
{"level":"error","message":"El archivo chat.txt no existe o se encuentra vacio"}
{"level":"error","message":"El archivo usuarios.txt no existe o se encuentra vacio"}
{"level":"error","message":"El archivo chat.txt no existe o se encuentra vacio"}
{"level":"error","message":"El archivo chat.txt no existe o se encuentra vacio"}
{"level":"error","message":"El archivo chat.txt no existe o se encuentra vacio"}
{"level":"error","message":"El archivo usuarios.txt no existe o se encuentra vacio"}
{"level":"error","message":"El archivo carritos.txt no existe o se encuentra vacio"}
{"level":"error","message":"El archivo usuarios.txt no existe o se encuentra vacio"}
{"level":"error","message":"El archivo chat.txt no existe o se encuentra vacio"}
{"level":"error","message":"El archivo chat.txt no existe o se encuentra vacio"}
{"level":"error","message":"El archivo chat.txt no existe o se encuentra vacio"}
{"level":"error","message":"El archivo chat.txt no existe o se encuentra vacio"}
{"level":"error","message":"El archivo chat.txt no existe o se encuentra vacio"}
{"level":"error","message":"El archivo chat.txt no existe o se encuentra vacio"}
{"level":"error","message":"El archivo chat.txt no existe o se encuentra vacio"}
{"level":"error","message":"El archivo chat.txt no existe o se encuentra vacio"}
{"level":"error","message":"El archivo chat.txt no existe o se encuentra vacio"}
{"level":"error","message":"El archivo productos.txt no existe o se encuentra vacio"}
{"level":"error","message":"El archivo productos.txt no existe o se encuentra vacio"}
{"level":"error","message":"No se pudo obtener el dato buscado de Mongo"}
{"level":"error","message":"No se pudo obtener el dato buscado de Mongo"}
{"level":"error","message":"No se pudo obtener el dato buscado de Mongo"}
{"level":"error","message":"No se pudo obtener el dato buscado de Mongo"}
{"level":"error","message":"No se pudo obtener el dato buscado de Mongo"}
{"level":"error","message":"No se pudo obtener el dato buscado de Mongo"}
{"level":"error","message":"No se pudo obtener el dato buscado de Mongo"}
{"level":"error","message":"No se pudo obtener el dato de Mongo"}
{"level":"error","message":"No se pudo obtener el dato de Mongo"}
{"level":"error","message":"No se pudo obtener el dato de Mongo"}
{"level":"error","message":"No se pudo obtener el dato de Mongo"}
{"level":"error","message":"No se pudo obtener el dato buscado de Mongo"}
{"level":"error","message":"No se pudo obtener el dato buscado de Mongo"}
{"level":"error","message":"No se pudo obtener el dato buscado de Mongo"}
{"level":"error","message":"No se pudo obtener el dato de Mongo"}
{"level":"error","message":"No se pudo obtener el dato de Mongo"}
{"level":"error","message":"No se pudo guardar el dato en Mongo"}
{"level":"error","message":"No se pudo obtener el dato de Mongo"}
{"level":"error","message":"No se pudo guardar el dato en Mongo"}
{"level":"error","message":"No se pudo obtener el dato de Mongo"}
{"level":"error","message":"El archivo ordenes.txt no existe o se encuentra vacio"}
{"level":"error","message":"El archivo ordenes.txt no existe o se encuentra vacio"}
