{"level":"warn","message":"GET /api/productosasdas"}
{"level":"warn","message":"GET /loginss"}
{"level":"warn","message":"GET /api/productoss"}
{"level":"warn","message":"GET /favicon.ico"}
{"level":"warn","message":"GET /api/productos-test"}
{"level":"warn","message":"GET /favicon.ico"}
{"level":"warn","message":"GET /signup"}
{"level":"warn","message":"GET /registro"}
{"level":"warn","message":"GET /api/inicio"}
{"level":"warn","message":"GET /api/carrit"}
{"level":"warn","message":"GET /favicon.ico"}
{"level":"warn","message":"GET /img/escuadra.jpg/"}
{"level":"warn","message":"GET /img/calculadora.jpg/"}
{"level":"warn","message":"GET /public/img/escuadra.jpg/"}
{"level":"warn","message":"GET /img/calculadora.jpg/"}
{"level":"warn","message":"GET /img/escuadra.jpg/"}
{"level":"warn","message":"GET /img/calculadora.jpg/"}
{"level":"warn","message":"GET /img/escuadra.jpg/"}
{"level":"warn","message":"GET /img/calculadora.jpg/"}
{"level":"warn","message":"GET /img/escuadra.jpg/"}
{"level":"warn","message":"GET /img/escuadra.jpg/"}
{"level":"warn","message":"GET /img/escuadra.jpg/"}
{"level":"warn","message":"GET /img/escuadra.jpg/"}
{"level":"warn","message":"GET /img/escuadra.jpg/"}
{"level":"warn","message":"GET /img/calculadora.jpg/"}
{"level":"warn","message":"GET /img/escuadra.jpg/"}
{"level":"warn","message":"GET /img/calculadora.jpg/"}
{"level":"warn","message":"GET /img/escuadra.jpg/"}
{"level":"warn","message":"GET /img/calculadora.jpg/"}
{"level":"warn","message":"GET /img/escuadra.jpg/"}
{"level":"warn","message":"GET /img/calculadora.jpg/"}
{"level":"warn","message":"GET /img/escuadra.jpg/"}
{"level":"warn","message":"GET /img/calculadora.jpg/"}
{"level":"warn","message":"GET /ites"}
{"level":"warn","message":"GET /quitaritem?boton="}
{"level":"warn","message":"GET /quitaritem?boton="}
{"level":"warn","message":"GET /quitaritem?boton="}
{"level":"warn","message":"GET /quitaritem?boton="}
{"level":"warn","message":"GET /api/6370faa564b6a9684ce737fc?boton="}
{"level":"warn","message":"GET /api/productos/6370fd376fc9a61f2e05890e?boton="}
{"level":"warn","message":"GET /api/productos/6370fe57faa3484c47128bb3?boton="}
{"level":"warn","message":"GET /api/productos/6370fe57faa3484c47128bb3?boton="}
{"level":"warn","message":"GET /comprar?boton="}
{"level":"warn","message":"GET /comprar?boton="}
{"level":"warn","message":"GET /api/api/carrito/comprar?boton="}
{"level":"warn","message":"GET /api/api/carrito/comprar?boton="}
{"level":"warn","message":"GET /api/api/carrito/comprar?boton="}
{"level":"warn","message":"GET /login/login/signup?boton="}
{"level":"warn","message":"GET /login/login/signup?boton="}
{"level":"warn","message":"GET /login/login/signup?boton="}
{"level":"warn","message":"GET /login/login/signup?boton="}
{"level":"warn","message":"GET /login/login/signup?boton="}
{"level":"warn","message":"GET /login/login/signup"}
{"level":"warn","message":"GET /l"}
{"level":"warn","message":"GET /favicon.ico"}
{"level":"warn","message":"GET /api/foto-1668641115574-624991654"}
{"level":"warn","message":"GET /api/foto-1668641115574-624991654"}
{"level":"warn","message":"GET /api/public/perfiles/foto-1668641115574-624991654"}
{"level":"warn","message":"GET /public/perfiles/foto-1668641115573-624991654"}
{"level":"warn","message":"GET /perfiles/"}
{"level":"warn","message":"GET /api/public/perfiles/foto-1668641115574-624991654"}
{"level":"warn","message":"GET /public/perfiles/foto-1668641115574-624991654"}
{"level":"warn","message":"GET /perfiles/undefined"}
{"level":"warn","message":"GET /perfiles/undefined"}
{"level":"warn","message":"GET /perfiles/undefined"}
{"level":"warn","message":"GET /perfiles/undefined"}
{"level":"warn","message":"GET /perfiles/undefined"}
{"level":"warn","message":"GET /perfiles/undefined"}
{"level":"warn","message":"GET /perfiles/undefined"}
{"level":"warn","message":"GET /perfiles/undefined"}
{"level":"warn","message":"GET /perfiles/undefined"}
{"level":"warn","message":"GET /api/foto-1669237957390-239790851"}
